#
# There is insufficient memory for the Java Runtime Environment to continue.
# Native memory allocation (mmap) failed to map 246415360 bytes. Error detail: G1 virtual space
# Possible reasons:
#   The system is out of physical RAM or swap space
#   This process is running with CompressedOops enabled, and the Java Heap may be blocking the growth of the native heap
# Possible solutions:
#   Reduce memory load on the system
#   Increase physical memory or swap space
#   Check if swap backing store is full
#   Decrease Java heap size (-Xmx/-Xms)
#   Decrease number of Java threads
#   Decrease Java thread stack sizes (-Xss)
#   Set larger code cache with -XX:ReservedCodeCacheSize=
#   JVM is running with Unscaled Compressed Oops mode in which the Java heap is
#     placed in the first 4GB address space. The Java Heap base address is the
#     maximum limit for the native heap growth. Please use -XX:HeapBaseMinAddress
#     to set the Java Heap base and to place the Java Heap above 4GB virtual address.
# This output file may be truncated or incomplete.
#
#  Out of Memory Error (os_windows.cpp:3614), pid=16152, tid=14380
#
# JRE version: OpenJDK Runtime Environment Temurin-17.0.13+11 (17.0.13+11) (build 17.0.13+11)
# Java VM: OpenJDK 64-Bit Server VM Temurin-17.0.13+11 (17.0.13+11, mixed mode, tiered, compressed oops, compressed class ptrs, g1 gc, windows-amd64)
# No core dump will be written. Minidumps are not enabled by default on client versions of Windows
#

---------------  S U M M A R Y ------------

Command Line: -Dcom.sun.management.jmxremote -Dcom.sun.management.jmxremote.port=55641 -Dcom.sun.management.jmxremote.authenticate=false -Dcom.sun.management.jmxremote.ssl=false -Dspring.jmx.enabled=true -Djava.rmi.server.hostname=localhost -Dspring.application.admin.enabled=true -Dspring.boot.project.name=FinanceTracker -XX:+ShowCodeDetailsInExceptionMessages -Dmanagement.endpoints.jmx.exposure.include=* auca.ac.rw.FinanceTracker.FinanceTrackerPlatformApplication

Host: AMD Ryzen 5 5500U with Radeon Graphics         , 12 cores, 5G,  Windows 11 , 64 bit Build 22621 (10.0.22621.4391)
Time: Wed Dec 18 18:13:18 2024 W. Central Africa Standard Time elapsed time: 18.054286 seconds (0d 0h 0m 18s)

---------------  T H R E A D  ---------------

Current thread (0x00000265bfc45310):  VMThread "VM Thread" [stack: 0x0000008d6fb00000,0x0000008d6fc00000] [id=14380]

Stack: [0x0000008d6fb00000,0x0000008d6fc00000]
Native frames: (J=compiled Java code, j=interpreted, Vv=VM code, C=native code)
V  [jvm.dll+0x682a19]
V  [jvm.dll+0x839538]
V  [jvm.dll+0x83afe3]
V  [jvm.dll+0x83b653]
V  [jvm.dll+0x24704f]
V  [jvm.dll+0x67f809]
V  [jvm.dll+0x6746fa]
V  [jvm.dll+0x304a96]
V  [jvm.dll+0x30bf56]
V  [jvm.dll+0x35da5e]
V  [jvm.dll+0x35dc9d]
V  [jvm.dll+0x2dbe5c]
V  [jvm.dll+0x2da1ff]
V  [jvm.dll+0x2d996c]
V  [jvm.dll+0x31d14b]
V  [jvm.dll+0x83fe8d]
V  [jvm.dll+0x840bc3]
V  [jvm.dll+0x8410ef]
V  [jvm.dll+0x8414d4]
V  [jvm.dll+0x84159e]
V  [jvm.dll+0x7e8ffc]
V  [jvm.dll+0x6818f7]
C  [ucrtbase.dll+0x29333]
C  [KERNEL32.DLL+0x1259d]
C  [ntdll.dll+0x5af38]

VM_Operation (0x0000008d6f5f8bd0): G1CollectForAllocation, mode: safepoint, requested by thread 0x00000265a546e890


---------------  P R O C E S S  ---------------

Threads class SMR info:
_java_thread_list=0x00000265ca0d46b0, length=25, elements={
0x00000265a546e890, 0x00000265bfc6e9e0, 0x00000265bfc4fad0, 0x00000265c40202f0,
0x00000265c4020bc0, 0x00000265c4021490, 0x00000265c4021d60, 0x00000265c4023230,
0x00000265c4027710, 0x00000265c402a030, 0x00000265bfbdbff0, 0x00000265c423d6d0,
0x00000265c48508c0, 0x00000265c4850da0, 0x00000265c483b5b0, 0x00000265c50eaf70,
0x00000265c50ebad0, 0x00000265c4b161d0, 0x00000265c51ae5c0, 0x00000265c51ad180,
0x00000265c51adba0, 0x00000265c51ad690, 0x00000265c51ac250, 0x00000265c51ac760,
0x00000265c493bde0
}

Java Threads: ( => current thread )
  0x00000265a546e890 JavaThread "main" [_thread_blocked, id=25728, stack(0x0000008d6f500000,0x0000008d6f600000)]
  0x00000265bfc6e9e0 JavaThread "Reference Handler" daemon [_thread_blocked, id=2792, stack(0x0000008d6fc00000,0x0000008d6fd00000)]
  0x00000265bfc4fad0 JavaThread "Finalizer" daemon [_thread_blocked, id=26924, stack(0x0000008d6fd00000,0x0000008d6fe00000)]
  0x00000265c40202f0 JavaThread "Signal Dispatcher" daemon [_thread_blocked, id=27824, stack(0x0000008d6fe00000,0x0000008d6ff00000)]
  0x00000265c4020bc0 JavaThread "Attach Listener" daemon [_thread_blocked, id=3772, stack(0x0000008d6ff00000,0x0000008d70000000)]
  0x00000265c4021490 JavaThread "Service Thread" daemon [_thread_blocked, id=12656, stack(0x0000008d70000000,0x0000008d70100000)]
  0x00000265c4021d60 JavaThread "Monitor Deflation Thread" daemon [_thread_blocked, id=16692, stack(0x0000008d70100000,0x0000008d70200000)]
  0x00000265c4023230 JavaThread "C2 CompilerThread0" daemon [_thread_blocked, id=24924, stack(0x0000008d70200000,0x0000008d70300000)]
  0x00000265c4027710 JavaThread "C1 CompilerThread0" daemon [_thread_blocked, id=21660, stack(0x0000008d70300000,0x0000008d70400000)]
  0x00000265c402a030 JavaThread "Sweeper thread" daemon [_thread_blocked, id=16800, stack(0x0000008d70400000,0x0000008d70500000)]
  0x00000265bfbdbff0 JavaThread "Common-Cleaner" daemon [_thread_blocked, id=26200, stack(0x0000008d70500000,0x0000008d70600000)]
  0x00000265c423d6d0 JavaThread "Notification Thread" daemon [_thread_blocked, id=17848, stack(0x0000008d70600000,0x0000008d70700000)]
  0x00000265c48508c0 JavaThread "RMI TCP Accept-0" daemon [_thread_in_native, id=25752, stack(0x0000008d70700000,0x0000008d70800000)]
  0x00000265c4850da0 JavaThread "RMI TCP Accept-55641" daemon [_thread_in_native, id=9480, stack(0x0000008d70800000,0x0000008d70900000)]
  0x00000265c483b5b0 JavaThread "RMI TCP Accept-0" daemon [_thread_in_native, id=4848, stack(0x0000008d70900000,0x0000008d70a00000)]
  0x00000265c50eaf70 JavaThread "RMI TCP Connection(1)-127.0.0.1" daemon [_thread_in_native, id=29160, stack(0x0000008d70b00000,0x0000008d70c00000)]
  0x00000265c50ebad0 JavaThread "RMI Scheduler(0)" daemon [_thread_blocked, id=14136, stack(0x0000008d70c00000,0x0000008d70d00000)]
  0x00000265c4b161d0 JavaThread "RMI TCP Connection(2)-127.0.0.1" daemon [_thread_in_native, id=20652, stack(0x0000008d71300000,0x0000008d71400000)]
  0x00000265c51ae5c0 JavaThread "JMX server connection timeout 22" daemon [_thread_blocked, id=15468, stack(0x0000008d71400000,0x0000008d71500000)]
  0x00000265c51ad180 JavaThread "Catalina-utility-1" [_thread_blocked, id=27260, stack(0x0000008d71b00000,0x0000008d71c00000)]
  0x00000265c51adba0 JavaThread "Catalina-utility-2" [_thread_blocked, id=18672, stack(0x0000008d71c00000,0x0000008d71d00000)]
  0x00000265c51ad690 JavaThread "container-0" [_thread_blocked, id=23724, stack(0x0000008d71d00000,0x0000008d71e00000)]
  0x00000265c51ac250 JavaThread "PostgreSQL-JDBC-Cleaner" daemon [_thread_blocked, id=8484, stack(0x0000008d71f00000,0x0000008d72000000)]
  0x00000265c51ac760 JavaThread "HikariPool-1 housekeeper" daemon [_thread_blocked, id=25820, stack(0x0000008d72000000,0x0000008d72100000)]
  0x00000265c493bde0 JavaThread "C2 CompilerThread1" daemon [_thread_blocked, id=25928, stack(0x0000008d71500000,0x0000008d71600000)]

Other Threads:
=>0x00000265bfc45310 VMThread "VM Thread" [stack: 0x0000008d6fb00000,0x0000008d6fc00000] [id=14380]
  0x00000265c4851280 WatcherThread [stack: 0x0000008d70a00000,0x0000008d70b00000] [id=22756]
  0x00000265a765ad90 GCTaskThread "GC Thread#0" [stack: 0x0000008d6f600000,0x0000008d6f700000] [id=16212]
  0x00000265c4ab4550 GCTaskThread "GC Thread#1" [stack: 0x0000008d70d00000,0x0000008d70e00000] [id=1692]
  0x00000265c50e5450 GCTaskThread "GC Thread#2" [stack: 0x0000008d70e00000,0x0000008d70f00000] [id=23352]
  0x00000265c4b0f3e0 GCTaskThread "GC Thread#3" [stack: 0x0000008d70f00000,0x0000008d71000000] [id=29628]
  0x00000265c51969e0 GCTaskThread "GC Thread#4" [stack: 0x0000008d71000000,0x0000008d71100000] [id=27964]
  0x00000265c51668f0 GCTaskThread "GC Thread#5" [stack: 0x0000008d71100000,0x0000008d71200000] [id=21260]
  0x00000265c50be0a0 GCTaskThread "GC Thread#6" [stack: 0x0000008d71200000,0x0000008d71300000] [id=27532]
  0x00000265c5c7a930 GCTaskThread "GC Thread#7" [stack: 0x0000008d71600000,0x0000008d71700000] [id=18640]
  0x00000265c5d29910 GCTaskThread "GC Thread#8" [stack: 0x0000008d71700000,0x0000008d71800000] [id=26600]
  0x00000265c5536650 GCTaskThread "GC Thread#9" [stack: 0x0000008d71800000,0x0000008d71900000] [id=27992]
  0x00000265a7667970 ConcurrentGCThread "G1 Main Marker" [stack: 0x0000008d6f700000,0x0000008d6f800000] [id=23296]
  0x00000265a7668b30 ConcurrentGCThread "G1 Conc#0" [stack: 0x0000008d6f800000,0x0000008d6f900000] [id=10908]
  0x00000265c55bdf80 ConcurrentGCThread "G1 Conc#1" [stack: 0x0000008d71900000,0x0000008d71a00000] [id=20672]
  0x00000265c53db3f0 ConcurrentGCThread "G1 Conc#2" [stack: 0x0000008d71a00000,0x0000008d71b00000] [id=11140]
  0x00000265a769ec80 ConcurrentGCThread "G1 Refine#0" [stack: 0x0000008d6f900000,0x0000008d6fa00000] [id=25676]
  0x00000265c7da9b40 ConcurrentGCThread "G1 Refine#1" [stack: 0x0000008d72100000,0x0000008d72200000] [id=27168]
  0x00000265c7da8f80 ConcurrentGCThread "G1 Refine#2" [stack: 0x0000008d72200000,0x0000008d72300000] [id=20308]
  0x00000265c7da80d0 ConcurrentGCThread "G1 Refine#3" [stack: 0x0000008d72300000,0x0000008d72400000] [id=25948]
  0x00000265c7da8c90 ConcurrentGCThread "G1 Refine#4" [stack: 0x0000008d72400000,0x0000008d72500000] [id=18424]
  0x00000265c7da86b0 ConcurrentGCThread "G1 Refine#5" [stack: 0x0000008d72500000,0x0000008d72600000] [id=24136]
  0x00000265bfaaa740 ConcurrentGCThread "G1 Service" [stack: 0x0000008d6fa00000,0x0000008d6fb00000] [id=16764]

Threads with active compile tasks:
C2 CompilerThread0    18123 7028       4       org.antlr.v4.runtime.atn.ATNConfigSet::add (142 bytes)
C2 CompilerThread1    18123 7030       4       org.antlr.v4.runtime.atn.PredictionContext::mergeSingletons (392 bytes)

VM state: at safepoint (normal execution)

VM Mutex/Monitor currently owned by a thread:  ([mutex/lock_event])
[0x00000265a76023f0] Threads_lock - owner thread: 0x00000265bfc45310
[0x00000265a7602510] Heap_lock - owner thread: 0x00000265a546e890

Heap address: 0x00000000a2200000, size: 1502 MB, Compressed Oops mode: 32-bit

CDS archive(s) not mapped
Compressed class space mapped at: 0x0000000100000000-0x0000000140000000, reserved size: 1073741824
Narrow klass base: 0x0000000000000000, Narrow klass shift: 3, Narrow klass range: 0x140000000

GC Precious Log:
 CPUs: 12 total, 12 available
 Memory: 6005M
 Large Page Support: Disabled
 NUMA Support: Disabled
 Compressed Oops: Enabled (32-bit)
 Heap Region Size: 1M
 Heap Min Capacity: 8M
 Heap Initial Capacity: 94M
 Heap Max Capacity: 1502M
 Pre-touch: Disabled
 Parallel Workers: 10
 Concurrent Workers: 3
 Concurrent Refinement Workers: 10
 Periodic GC: Disabled

Heap:
 garbage-first heap   total 174080K, used 107946K [0x00000000a2200000, 0x0000000100000000)
  region size 1024K, 5 young (5120K), 5 survivors (5120K)
 Metaspace       used 78226K, committed 78912K, reserved 1179648K
  class space    used 10684K, committed 11008K, reserved 1048576K

Heap Regions: E=young(eden), S=young(survivor), O=old, HS=humongous(starts), HC=humongous(continues), CS=collection set, F=free, OA=open archive, CA=closed archive, TAMS=top-at-mark-start (previous, next)
|   0|0x00000000a2200000, 0x00000000a2300000, 0x00000000a2300000|100%|HS|  |TAMS 0x00000000a2300000, 0x00000000a2200000| Complete 
|   1|0x00000000a2300000, 0x00000000a2400000, 0x00000000a2400000|100%|HS|  |TAMS 0x00000000a2400000, 0x00000000a2300000| Complete 
|   2|0x00000000a2400000, 0x00000000a2500000, 0x00000000a2500000|100%| O|  |TAMS 0x00000000a2500000, 0x00000000a2400000| Untracked 
|   3|0x00000000a2500000, 0x00000000a2600000, 0x00000000a2600000|100%| O|  |TAMS 0x00000000a2600000, 0x00000000a2500000| Untracked 
|   4|0x00000000a2600000, 0x00000000a2700000, 0x00000000a2700000|100%| O|  |TAMS 0x00000000a2700000, 0x00000000a2600000| Untracked 
|   5|0x00000000a2700000, 0x00000000a2800000, 0x00000000a2800000|100%| O|  |TAMS 0x00000000a2800000, 0x00000000a2700000| Untracked 
|   6|0x00000000a2800000, 0x00000000a2900000, 0x00000000a2900000|100%| O|  |TAMS 0x00000000a2900000, 0x00000000a2800000| Untracked 
|   7|0x00000000a2900000, 0x00000000a2a00000, 0x00000000a2a00000|100%| O|  |TAMS 0x00000000a2a00000, 0x00000000a2900000| Untracked 
|   8|0x00000000a2a00000, 0x00000000a2b00000, 0x00000000a2b00000|100%| O|  |TAMS 0x00000000a2b00000, 0x00000000a2a00000| Untracked 
|   9|0x00000000a2b00000, 0x00000000a2c00000, 0x00000000a2c00000|100%| O|  |TAMS 0x00000000a2c00000, 0x00000000a2b00000| Untracked 
|  10|0x00000000a2c00000, 0x00000000a2d00000, 0x00000000a2d00000|100%| O|  |TAMS 0x00000000a2d00000, 0x00000000a2c00000| Untracked 
|  11|0x00000000a2d00000, 0x00000000a2e00000, 0x00000000a2e00000|100%| O|  |TAMS 0x00000000a2e00000, 0x00000000a2d00000| Untracked 
|  12|0x00000000a2e00000, 0x00000000a2f00000, 0x00000000a2f00000|100%| O|  |TAMS 0x00000000a2f00000, 0x00000000a2e00000| Untracked 
|  13|0x00000000a2f00000, 0x00000000a3000000, 0x00000000a3000000|100%| O|  |TAMS 0x00000000a3000000, 0x00000000a2f00000| Untracked 
|  14|0x00000000a3000000, 0x00000000a3100000, 0x00000000a3100000|100%| O|  |TAMS 0x00000000a3100000, 0x00000000a3000000| Untracked 
|  15|0x00000000a3100000, 0x00000000a3200000, 0x00000000a3200000|100%| O|  |TAMS 0x00000000a3200000, 0x00000000a3100000| Untracked 
|  16|0x00000000a3200000, 0x00000000a3300000, 0x00000000a3300000|100%| O|  |TAMS 0x00000000a3300000, 0x00000000a3200000| Untracked 
|  17|0x00000000a3300000, 0x00000000a3400000, 0x00000000a3400000|100%| O|  |TAMS 0x00000000a3400000, 0x00000000a3300000| Untracked 
|  18|0x00000000a3400000, 0x00000000a3500000, 0x00000000a3500000|100%| O|  |TAMS 0x00000000a3500000, 0x00000000a3400000| Untracked 
|  19|0x00000000a3500000, 0x00000000a3600000, 0x00000000a3600000|100%| O|  |TAMS 0x00000000a3600000, 0x00000000a3500000| Untracked 
|  20|0x00000000a3600000, 0x00000000a3700000, 0x00000000a3700000|100%| O|  |TAMS 0x00000000a3700000, 0x00000000a3600000| Untracked 
|  21|0x00000000a3700000, 0x00000000a3800000, 0x00000000a3800000|100%| O|  |TAMS 0x00000000a3800000, 0x00000000a3700000| Untracked 
|  22|0x00000000a3800000, 0x00000000a3900000, 0x00000000a3900000|100%| O|  |TAMS 0x00000000a3900000, 0x00000000a3800000| Untracked 
|  23|0x00000000a3900000, 0x00000000a3a00000, 0x00000000a3a00000|100%| O|  |TAMS 0x00000000a3a00000, 0x00000000a3900000| Untracked 
|  24|0x00000000a3a00000, 0x00000000a3b00000, 0x00000000a3b00000|100%| O|  |TAMS 0x00000000a3b00000, 0x00000000a3a00000| Untracked 
|  25|0x00000000a3b00000, 0x00000000a3c00000, 0x00000000a3c00000|100%| O|  |TAMS 0x00000000a3c00000, 0x00000000a3b00000| Untracked 
|  26|0x00000000a3c00000, 0x00000000a3d00000, 0x00000000a3d00000|100%| O|  |TAMS 0x00000000a3d00000, 0x00000000a3c00000| Untracked 
|  27|0x00000000a3d00000, 0x00000000a3e00000, 0x00000000a3e00000|100%| O|  |TAMS 0x00000000a3e00000, 0x00000000a3d00000| Untracked 
|  28|0x00000000a3e00000, 0x00000000a3f00000, 0x00000000a3f00000|100%| O|  |TAMS 0x00000000a3f00000, 0x00000000a3e00000| Untracked 
|  29|0x00000000a3f00000, 0x00000000a4000000, 0x00000000a4000000|100%| O|  |TAMS 0x00000000a4000000, 0x00000000a3f00000| Untracked 
|  30|0x00000000a4000000, 0x00000000a4100000, 0x00000000a4100000|100%| O|  |TAMS 0x00000000a4100000, 0x00000000a4000000| Untracked 
|  31|0x00000000a4100000, 0x00000000a4200000, 0x00000000a4200000|100%| O|  |TAMS 0x00000000a4200000, 0x00000000a4100000| Untracked 
|  32|0x00000000a4200000, 0x00000000a4300000, 0x00000000a4300000|100%| O|  |TAMS 0x00000000a4300000, 0x00000000a4200000| Untracked 
|  33|0x00000000a4300000, 0x00000000a4400000, 0x00000000a4400000|100%| O|  |TAMS 0x00000000a4400000, 0x00000000a4300000| Untracked 
|  34|0x00000000a4400000, 0x00000000a4500000, 0x00000000a4500000|100%| O|  |TAMS 0x00000000a44da800, 0x00000000a4400000| Untracked 
|  35|0x00000000a4500000, 0x00000000a4600000, 0x00000000a4600000|100%| O|  |TAMS 0x00000000a4500000, 0x00000000a4500000| Untracked 
|  36|0x00000000a4600000, 0x00000000a4700000, 0x00000000a4700000|100%| O|  |TAMS 0x00000000a4600000, 0x00000000a4600000| Untracked 
|  37|0x00000000a4700000, 0x00000000a4800000, 0x00000000a4800000|100%| O|  |TAMS 0x00000000a4800000, 0x00000000a4700000| Untracked 
|  38|0x00000000a4800000, 0x00000000a4900000, 0x00000000a4900000|100%| O|  |TAMS 0x00000000a4900000, 0x00000000a4800000| Untracked 
|  39|0x00000000a4900000, 0x00000000a4a00000, 0x00000000a4a00000|100%| O|  |TAMS 0x00000000a4900000, 0x00000000a4900000| Untracked 
|  40|0x00000000a4a00000, 0x00000000a4b00000, 0x00000000a4b00000|100%| O|  |TAMS 0x00000000a4b00000, 0x00000000a4a00000| Untracked 
|  41|0x00000000a4b00000, 0x00000000a4c00000, 0x00000000a4c00000|100%| O|  |TAMS 0x00000000a4b00000, 0x00000000a4b00000| Untracked 
|  42|0x00000000a4c00000, 0x00000000a4d00000, 0x00000000a4d00000|100%| O|  |TAMS 0x00000000a4d00000, 0x00000000a4c00000| Untracked 
|  43|0x00000000a4d00000, 0x00000000a4e00000, 0x00000000a4e00000|100%|HS|  |TAMS 0x00000000a4d00000, 0x00000000a4d00000| Complete 
|  44|0x00000000a4e00000, 0x00000000a4f00000, 0x00000000a4f00000|100%| O|  |TAMS 0x00000000a4e00000, 0x00000000a4e00000| Untracked 
|  45|0x00000000a4f00000, 0x00000000a5000000, 0x00000000a5000000|100%| O|  |TAMS 0x00000000a4f00000, 0x00000000a4f00000| Untracked 
|  46|0x00000000a5000000, 0x00000000a5100000, 0x00000000a5100000|100%| O|  |TAMS 0x00000000a5100000, 0x00000000a5000000| Untracked 
|  47|0x00000000a5100000, 0x00000000a5200000, 0x00000000a5200000|100%| O|  |TAMS 0x00000000a5200000, 0x00000000a5100000| Untracked 
|  48|0x00000000a5200000, 0x00000000a5300000, 0x00000000a5300000|100%| O|  |TAMS 0x00000000a5200000, 0x00000000a5200000| Untracked 
|  49|0x00000000a5300000, 0x00000000a5400000, 0x00000000a5400000|100%| O|  |TAMS 0x00000000a5400000, 0x00000000a5300000| Untracked 
|  50|0x00000000a5400000, 0x00000000a5500000, 0x00000000a5500000|100%| O|  |TAMS 0x00000000a5400000, 0x00000000a5400000| Untracked 
|  51|0x00000000a5500000, 0x00000000a5600000, 0x00000000a5600000|100%| O|  |TAMS 0x00000000a5500000, 0x00000000a5500000| Untracked 
|  52|0x00000000a5600000, 0x00000000a5700000, 0x00000000a5700000|100%| O|  |TAMS 0x00000000a5600000, 0x00000000a5600000| Untracked 
|  53|0x00000000a5700000, 0x00000000a5800000, 0x00000000a5800000|100%| O|  |TAMS 0x00000000a5700000, 0x00000000a5700000| Untracked 
|  54|0x00000000a5800000, 0x00000000a5900000, 0x00000000a5900000|100%| O|  |TAMS 0x00000000a5800000, 0x00000000a5800000| Untracked 
|  55|0x00000000a5900000, 0x00000000a5a00000, 0x00000000a5a00000|100%| O|  |TAMS 0x00000000a5900000, 0x00000000a5900000| Untracked 
|  56|0x00000000a5a00000, 0x00000000a5b00000, 0x00000000a5b00000|100%| O|  |TAMS 0x00000000a5a00000, 0x00000000a5a00000| Untracked 
|  57|0x00000000a5b00000, 0x00000000a5c00000, 0x00000000a5c00000|100%| O|  |TAMS 0x00000000a5b00000, 0x00000000a5b00000| Untracked 
|  58|0x00000000a5c00000, 0x00000000a5d00000, 0x00000000a5d00000|100%| O|  |TAMS 0x00000000a5c00000, 0x00000000a5c00000| Untracked 
|  59|0x00000000a5d00000, 0x00000000a5e00000, 0x00000000a5e00000|100%| O|  |TAMS 0x00000000a5d00000, 0x00000000a5d00000| Untracked 
|  60|0x00000000a5e00000, 0x00000000a5f00000, 0x00000000a5f00000|100%| O|  |TAMS 0x00000000a5e00000, 0x00000000a5e00000| Untracked 
|  61|0x00000000a5f00000, 0x00000000a6000000, 0x00000000a6000000|100%| O|  |TAMS 0x00000000a5f00000, 0x00000000a5f00000| Untracked 
|  62|0x00000000a6000000, 0x00000000a6100000, 0x00000000a6100000|100%| O|  |TAMS 0x00000000a6000000, 0x00000000a6000000| Untracked 
|  63|0x00000000a6100000, 0x00000000a6200000, 0x00000000a6200000|100%| O|  |TAMS 0x00000000a6100000, 0x00000000a6100000| Untracked 
|  64|0x00000000a6200000, 0x00000000a6300000, 0x00000000a6300000|100%| O|  |TAMS 0x00000000a6200000, 0x00000000a6200000| Untracked 
|  65|0x00000000a6300000, 0x00000000a6400000, 0x00000000a6400000|100%| O|  |TAMS 0x00000000a6300000, 0x00000000a6300000| Untracked 
|  66|0x00000000a6400000, 0x00000000a6500000, 0x00000000a6500000|100%| O|  |TAMS 0x00000000a6400000, 0x00000000a6400000| Untracked 
|  67|0x00000000a6500000, 0x00000000a6600000, 0x00000000a6600000|100%| O|  |TAMS 0x00000000a6500000, 0x00000000a6500000| Untracked 
|  68|0x00000000a6600000, 0x00000000a6700000, 0x00000000a6700000|100%| O|  |TAMS 0x00000000a6600000, 0x00000000a6600000| Untracked 
|  69|0x00000000a6700000, 0x00000000a6800000, 0x00000000a6800000|100%| O|  |TAMS 0x00000000a6700000, 0x00000000a6700000| Untracked 
|  70|0x00000000a6800000, 0x00000000a6900000, 0x00000000a6900000|100%|HS|  |TAMS 0x00000000a6800000, 0x00000000a6800000| Complete 
|  71|0x00000000a6900000, 0x00000000a6a00000, 0x00000000a6a00000|100%|HC|  |TAMS 0x00000000a6900000, 0x00000000a6900000| Complete 
|  72|0x00000000a6a00000, 0x00000000a6b00000, 0x00000000a6b00000|100%| O|  |TAMS 0x00000000a6a00000, 0x00000000a6a00000| Untracked 
|  73|0x00000000a6b00000, 0x00000000a6c00000, 0x00000000a6c00000|100%| O|  |TAMS 0x00000000a6b00000, 0x00000000a6b00000| Untracked 
|  74|0x00000000a6c00000, 0x00000000a6d00000, 0x00000000a6d00000|100%| O|  |TAMS 0x00000000a6c00000, 0x00000000a6c00000| Untracked 
|  75|0x00000000a6d00000, 0x00000000a6e00000, 0x00000000a6e00000|100%| O|  |TAMS 0x00000000a6d00000, 0x00000000a6d00000| Untracked 
|  76|0x00000000a6e00000, 0x00000000a6f00000, 0x00000000a6f00000|100%| O|  |TAMS 0x00000000a6e00000, 0x00000000a6e00000| Untracked 
|  77|0x00000000a6f00000, 0x00000000a7000000, 0x00000000a7000000|100%| O|  |TAMS 0x00000000a6f00000, 0x00000000a6f00000| Untracked 
|  78|0x00000000a7000000, 0x00000000a7100000, 0x00000000a7100000|100%| O|  |TAMS 0x00000000a7000000, 0x00000000a7000000| Untracked 
|  79|0x00000000a7100000, 0x00000000a7200000, 0x00000000a7200000|100%| O|  |TAMS 0x00000000a7100000, 0x00000000a7100000| Untracked 
|  80|0x00000000a7200000, 0x00000000a7300000, 0x00000000a7300000|100%| O|  |TAMS 0x00000000a7200000, 0x00000000a7200000| Untracked 
|  81|0x00000000a7300000, 0x00000000a7400000, 0x00000000a7400000|100%| O|  |TAMS 0x00000000a7300000, 0x00000000a7300000| Untracked 
|  82|0x00000000a7400000, 0x00000000a7500000, 0x00000000a7500000|100%| O|  |TAMS 0x00000000a7400000, 0x00000000a7400000| Untracked 
|  83|0x00000000a7500000, 0x00000000a7600000, 0x00000000a7600000|100%| O|  |TAMS 0x00000000a7500000, 0x00000000a7500000| Untracked 
|  84|0x00000000a7600000, 0x00000000a7700000, 0x00000000a7700000|100%| O|  |TAMS 0x00000000a7600000, 0x00000000a7600000| Untracked 
|  85|0x00000000a7700000, 0x00000000a7800000, 0x00000000a7800000|100%| O|  |TAMS 0x00000000a7700000, 0x00000000a7700000| Untracked 
|  86|0x00000000a7800000, 0x00000000a7900000, 0x00000000a7900000|100%| O|  |TAMS 0x00000000a7800000, 0x00000000a7800000| Untracked 
|  87|0x00000000a7900000, 0x00000000a7a00000, 0x00000000a7a00000|100%| O|  |TAMS 0x00000000a7900000, 0x00000000a7900000| Untracked 
|  88|0x00000000a7a00000, 0x00000000a7b00000, 0x00000000a7b00000|100%| O|  |TAMS 0x00000000a7a00000, 0x00000000a7a00000| Untracked 
|  89|0x00000000a7b00000, 0x00000000a7c00000, 0x00000000a7c00000|100%| O|  |TAMS 0x00000000a7b00000, 0x00000000a7b00000| Untracked 
|  90|0x00000000a7c00000, 0x00000000a7d00000, 0x00000000a7d00000|100%| O|  |TAMS 0x00000000a7c00000, 0x00000000a7c00000| Untracked 
|  91|0x00000000a7d00000, 0x00000000a7e00000, 0x00000000a7e00000|100%| O|  |TAMS 0x00000000a7d00000, 0x00000000a7d00000| Untracked 
|  92|0x00000000a7e00000, 0x00000000a7f00000, 0x00000000a7f00000|100%| O|  |TAMS 0x00000000a7e00000, 0x00000000a7e00000| Untracked 
|  93|0x00000000a7f00000, 0x00000000a8000000, 0x00000000a8000000|100%| O|  |TAMS 0x00000000a7f00000, 0x00000000a7f00000| Untracked 
|  94|0x00000000a8000000, 0x00000000a8100000, 0x00000000a8100000|100%| O|  |TAMS 0x00000000a8000000, 0x00000000a8000000| Untracked 
|  95|0x00000000a8100000, 0x00000000a8200000, 0x00000000a8200000|100%| O|  |TAMS 0x00000000a8100000, 0x00000000a8100000| Untracked 
|  96|0x00000000a8200000, 0x00000000a8300000, 0x00000000a8300000|100%| O|  |TAMS 0x00000000a8200000, 0x00000000a8200000| Untracked 
|  97|0x00000000a8300000, 0x00000000a8400000, 0x00000000a8400000|100%| O|  |TAMS 0x00000000a8300000, 0x00000000a8300000| Untracked 
|  98|0x00000000a8400000, 0x00000000a8500000, 0x00000000a8500000|100%| O|  |TAMS 0x00000000a8400000, 0x00000000a8400000| Untracked 
|  99|0x00000000a8500000, 0x00000000a8600000, 0x00000000a8600000|100%| O|  |TAMS 0x00000000a8500000, 0x00000000a8500000| Untracked 
| 100|0x00000000a8600000, 0x00000000a866aa00, 0x00000000a8700000| 41%| O|  |TAMS 0x00000000a8600000, 0x00000000a8600000| Untracked 
| 101|0x00000000a8700000, 0x00000000a8700000, 0x00000000a8800000|  0%| F|  |TAMS 0x00000000a8700000, 0x00000000a8700000| Untracked 
| 102|0x00000000a8800000, 0x00000000a8800000, 0x00000000a8900000|  0%| F|  |TAMS 0x00000000a8800000, 0x00000000a8800000| Untracked 
| 103|0x00000000a8900000, 0x00000000a8900000, 0x00000000a8a00000|  0%| F|  |TAMS 0x00000000a8900000, 0x00000000a8900000| Untracked 
| 104|0x00000000a8a00000, 0x00000000a8a00000, 0x00000000a8b00000|  0%| F|  |TAMS 0x00000000a8a00000, 0x00000000a8a00000| Untracked 
| 105|0x00000000a8b00000, 0x00000000a8b00000, 0x00000000a8c00000|  0%| F|  |TAMS 0x00000000a8b00000, 0x00000000a8b00000| Untracked 
| 106|0x00000000a8c00000, 0x00000000a8c00000, 0x00000000a8d00000|  0%| F|  |TAMS 0x00000000a8c00000, 0x00000000a8c00000| Untracked 
| 107|0x00000000a8d00000, 0x00000000a8d00000, 0x00000000a8e00000|  0%| F|  |TAMS 0x00000000a8d00000, 0x00000000a8d00000| Untracked 
| 108|0x00000000a8e00000, 0x00000000a8e00000, 0x00000000a8f00000|  0%| F|  |TAMS 0x00000000a8e00000, 0x00000000a8e00000| Untracked 
| 109|0x00000000a8f00000, 0x00000000a8f00000, 0x00000000a9000000|  0%| F|  |TAMS 0x00000000a8f00000, 0x00000000a8f00000| Untracked 
| 110|0x00000000a9000000, 0x00000000a9000000, 0x00000000a9100000|  0%| F|  |TAMS 0x00000000a9000000, 0x00000000a9000000| Untracked 
| 111|0x00000000a9100000, 0x00000000a9100000, 0x00000000a9200000|  0%| F|  |TAMS 0x00000000a9100000, 0x00000000a9100000| Untracked 
| 112|0x00000000a9200000, 0x00000000a9200000, 0x00000000a9300000|  0%| F|  |TAMS 0x00000000a9200000, 0x00000000a9200000| Untracked 
| 113|0x00000000a9300000, 0x00000000a9300000, 0x00000000a9400000|  0%| F|  |TAMS 0x00000000a9300000, 0x00000000a9300000| Untracked 
| 114|0x00000000a9400000, 0x00000000a9400000, 0x00000000a9500000|  0%| F|  |TAMS 0x00000000a9400000, 0x00000000a9400000| Untracked 
| 115|0x00000000a9500000, 0x00000000a9500000, 0x00000000a9600000|  0%| F|  |TAMS 0x00000000a9500000, 0x00000000a9500000| Untracked 
| 116|0x00000000a9600000, 0x00000000a9600000, 0x00000000a9700000|  0%| F|  |TAMS 0x00000000a9600000, 0x00000000a9600000| Untracked 
| 117|0x00000000a9700000, 0x00000000a9700000, 0x00000000a9800000|  0%| F|  |TAMS 0x00000000a9700000, 0x00000000a9700000| Untracked 
| 118|0x00000000a9800000, 0x00000000a9800000, 0x00000000a9900000|  0%| F|  |TAMS 0x00000000a9800000, 0x00000000a9800000| Untracked 
| 119|0x00000000a9900000, 0x00000000a9900000, 0x00000000a9a00000|  0%| F|  |TAMS 0x00000000a9900000, 0x00000000a9900000| Untracked 
| 120|0x00000000a9a00000, 0x00000000a9a00000, 0x00000000a9b00000|  0%| F|  |TAMS 0x00000000a9a00000, 0x00000000a9a00000| Untracked 
| 121|0x00000000a9b00000, 0x00000000a9b00000, 0x00000000a9c00000|  0%| F|  |TAMS 0x00000000a9b00000, 0x00000000a9b00000| Untracked 
| 122|0x00000000a9c00000, 0x00000000a9c00000, 0x00000000a9d00000|  0%| F|  |TAMS 0x00000000a9c00000, 0x00000000a9c00000| Untracked 
| 123|0x00000000a9d00000, 0x00000000a9d00000, 0x00000000a9e00000|  0%| F|  |TAMS 0x00000000a9d00000, 0x00000000a9d00000| Untracked 
| 124|0x00000000a9e00000, 0x00000000a9e00000, 0x00000000a9f00000|  0%| F|  |TAMS 0x00000000a9e00000, 0x00000000a9e00000| Untracked 
| 125|0x00000000a9f00000, 0x00000000a9f00000, 0x00000000aa000000|  0%| F|  |TAMS 0x00000000a9f00000, 0x00000000a9f00000| Untracked 
| 126|0x00000000aa000000, 0x00000000aa000000, 0x00000000aa100000|  0%| F|  |TAMS 0x00000000aa000000, 0x00000000aa000000| Untracked 
| 127|0x00000000aa100000, 0x00000000aa100000, 0x00000000aa200000|  0%| F|  |TAMS 0x00000000aa100000, 0x00000000aa100000| Untracked 
| 128|0x00000000aa200000, 0x00000000aa200000, 0x00000000aa300000|  0%| F|  |TAMS 0x00000000aa200000, 0x00000000aa200000| Untracked 
| 129|0x00000000aa300000, 0x00000000aa300000, 0x00000000aa400000|  0%| F|  |TAMS 0x00000000aa300000, 0x00000000aa300000| Untracked 
| 130|0x00000000aa400000, 0x00000000aa400000, 0x00000000aa500000|  0%| F|  |TAMS 0x00000000aa400000, 0x00000000aa400000| Untracked 
| 131|0x00000000aa500000, 0x00000000aa500000, 0x00000000aa600000|  0%| F|  |TAMS 0x00000000aa500000, 0x00000000aa500000| Untracked 
| 132|0x00000000aa600000, 0x00000000aa600000, 0x00000000aa700000|  0%| F|  |TAMS 0x00000000aa600000, 0x00000000aa600000| Untracked 
| 133|0x00000000aa700000, 0x00000000aa700000, 0x00000000aa800000|  0%| F|  |TAMS 0x00000000aa700000, 0x00000000aa700000| Untracked 
| 134|0x00000000aa800000, 0x00000000aa800000, 0x00000000aa900000|  0%| F|  |TAMS 0x00000000aa800000, 0x00000000aa800000| Untracked 
| 135|0x00000000aa900000, 0x00000000aa900000, 0x00000000aaa00000|  0%| F|  |TAMS 0x00000000aa900000, 0x00000000aa900000| Untracked 
| 136|0x00000000aaa00000, 0x00000000aab00000, 0x00000000aab00000|100%| S|CS|TAMS 0x00000000aaa00000, 0x00000000aaa00000| Complete 
| 137|0x00000000aab00000, 0x00000000aac00000, 0x00000000aac00000|100%| S|CS|TAMS 0x00000000aab00000, 0x00000000aab00000| Complete 
| 138|0x00000000aac00000, 0x00000000aad00000, 0x00000000aad00000|100%| S|CS|TAMS 0x00000000aac00000, 0x00000000aac00000| Complete 
| 139|0x00000000aad00000, 0x00000000aae00000, 0x00000000aae00000|100%| S|CS|TAMS 0x00000000aad00000, 0x00000000aad00000| Complete 
| 140|0x00000000aae00000, 0x00000000aaf00000, 0x00000000aaf00000|100%| S|CS|TAMS 0x00000000aae00000, 0x00000000aae00000| Complete 
| 141|0x00000000aaf00000, 0x00000000aaf00000, 0x00000000ab000000|  0%| F|  |TAMS 0x00000000aaf00000, 0x00000000aaf00000| Untracked 
| 142|0x00000000ab000000, 0x00000000ab000000, 0x00000000ab100000|  0%| F|  |TAMS 0x00000000ab000000, 0x00000000ab000000| Untracked 
| 143|0x00000000ab100000, 0x00000000ab100000, 0x00000000ab200000|  0%| F|  |TAMS 0x00000000ab100000, 0x00000000ab100000| Untracked 
| 144|0x00000000ab200000, 0x00000000ab200000, 0x00000000ab300000|  0%| F|  |TAMS 0x00000000ab200000, 0x00000000ab200000| Untracked 
| 145|0x00000000ab300000, 0x00000000ab300000, 0x00000000ab400000|  0%| F|  |TAMS 0x00000000ab300000, 0x00000000ab300000| Untracked 
| 146|0x00000000ab400000, 0x00000000ab400000, 0x00000000ab500000|  0%| F|  |TAMS 0x00000000ab400000, 0x00000000ab400000| Untracked 
| 147|0x00000000ab500000, 0x00000000ab500000, 0x00000000ab600000|  0%| F|  |TAMS 0x00000000ab500000, 0x00000000ab500000| Untracked 
| 148|0x00000000ab600000, 0x00000000ab600000, 0x00000000ab700000|  0%| F|  |TAMS 0x00000000ab600000, 0x00000000ab600000| Untracked 
| 149|0x00000000ab700000, 0x00000000ab700000, 0x00000000ab800000|  0%| F|  |TAMS 0x00000000ab700000, 0x00000000ab700000| Untracked 
| 150|0x00000000ab800000, 0x00000000ab800000, 0x00000000ab900000|  0%| F|  |TAMS 0x00000000ab800000, 0x00000000ab800000| Untracked 
| 151|0x00000000ab900000, 0x00000000ab900000, 0x00000000aba00000|  0%| F|  |TAMS 0x00000000ab900000, 0x00000000ab900000| Untracked 
| 152|0x00000000aba00000, 0x00000000aba00000, 0x00000000abb00000|  0%| F|  |TAMS 0x00000000aba00000, 0x00000000aba00000| Untracked 
| 153|0x00000000abb00000, 0x00000000abb00000, 0x00000000abc00000|  0%| F|  |TAMS 0x00000000abb00000, 0x00000000abb00000| Untracked 
| 154|0x00000000abc00000, 0x00000000abc00000, 0x00000000abd00000|  0%| F|  |TAMS 0x00000000abc00000, 0x00000000abc00000| Untracked 
| 155|0x00000000abd00000, 0x00000000abd00000, 0x00000000abe00000|  0%| F|  |TAMS 0x00000000abd00000, 0x00000000abd00000| Untracked 
| 156|0x00000000abe00000, 0x00000000abe00000, 0x00000000abf00000|  0%| F|  |TAMS 0x00000000abe00000, 0x00000000abe00000| Untracked 
| 157|0x00000000abf00000, 0x00000000abf00000, 0x00000000ac000000|  0%| F|  |TAMS 0x00000000abf00000, 0x00000000abf00000| Untracked 
| 158|0x00000000ac000000, 0x00000000ac000000, 0x00000000ac100000|  0%| F|  |TAMS 0x00000000ac000000, 0x00000000ac000000| Untracked 
| 159|0x00000000ac100000, 0x00000000ac100000, 0x00000000ac200000|  0%| F|  |TAMS 0x00000000ac100000, 0x00000000ac100000| Untracked 
| 160|0x00000000ac200000, 0x00000000ac200000, 0x00000000ac300000|  0%| F|  |TAMS 0x00000000ac200000, 0x00000000ac200000| Untracked 
| 161|0x00000000ac300000, 0x00000000ac300000, 0x00000000ac400000|  0%| F|  |TAMS 0x00000000ac300000, 0x00000000ac300000| Untracked 
| 162|0x00000000ac400000, 0x00000000ac400000, 0x00000000ac500000|  0%| F|  |TAMS 0x00000000ac400000, 0x00000000ac400000| Untracked 
| 163|0x00000000ac500000, 0x00000000ac500000, 0x00000000ac600000|  0%| F|  |TAMS 0x00000000ac500000, 0x00000000ac500000| Untracked 
| 164|0x00000000ac600000, 0x00000000ac600000, 0x00000000ac700000|  0%| F|  |TAMS 0x00000000ac600000, 0x00000000ac600000| Untracked 
| 165|0x00000000ac700000, 0x00000000ac700000, 0x00000000ac800000|  0%| F|  |TAMS 0x00000000ac700000, 0x00000000ac700000| Untracked 
| 166|0x00000000ac800000, 0x00000000ac800000, 0x00000000ac900000|  0%| F|  |TAMS 0x00000000ac800000, 0x00000000ac800000| Untracked 
| 167|0x00000000ac900000, 0x00000000ac900000, 0x00000000aca00000|  0%| F|  |TAMS 0x00000000ac900000, 0x00000000ac900000| Untracked 
| 168|0x00000000aca00000, 0x00000000aca00000, 0x00000000acb00000|  0%| F|  |TAMS 0x00000000aca00000, 0x00000000aca00000| Untracked 
| 169|0x00000000acb00000, 0x00000000acb00000, 0x00000000acc00000|  0%| F|  |TAMS 0x00000000acb00000, 0x00000000acb00000| Untracked 

Card table byte_map: [0x00000265b9ac0000,0x00000265b9db0000] _byte_map_base: 0x00000265b95af000

Marking Bits (Prev, Next): (CMBitMap*) 0x00000265a765b3f0, (CMBitMap*) 0x00000265a765b3b0
 Prev Bits: [0x00000265bb820000, 0x00000265bcf98000)
 Next Bits: [0x00000265ba0a0000, 0x00000265bb818000)

Polling page: 0x00000265a6da0000

Metaspace:

Usage:
  Non-class:     65.96 MB used.
      Class:     10.43 MB used.
       Both:     76.39 MB used.

Virtual space:
  Non-class space:      128.00 MB reserved,      66.31 MB ( 52%) committed,  2 nodes.
      Class space:        1.00 GB reserved,      10.75 MB (  1%) committed,  1 nodes.
             Both:        1.12 GB reserved,      77.06 MB (  7%) committed. 

Chunk freelists:
   Non-Class:  13.75 MB
       Class:  5.09 MB
        Both:  18.84 MB

MaxMetaspaceSize: unlimited
CompressedClassSpaceSize: 1.00 GB
Initial GC threshold: 21.00 MB
Current GC threshold: 128.38 MB
CDS: off
MetaspaceReclaimPolicy: balanced
 - commit_granule_bytes: 65536.
 - commit_granule_words: 8192.
 - virtual_space_node_default_size: 8388608.
 - enlarge_chunks_in_place: 1.
 - new_chunks_are_fully_committed: 0.
 - uncommit_free_chunks: 1.
 - use_allocation_guard: 0.
 - handle_deallocations: 1.


Internal statistics:

num_allocs_failed_limit: 11.
num_arena_births: 912.
num_arena_deaths: 0.
num_vsnodes_births: 3.
num_vsnodes_deaths: 0.
num_space_committed: 1233.
num_space_uncommitted: 0.
num_chunks_returned_to_freelist: 11.
num_chunks_taken_from_freelist: 3543.
num_chunk_merges: 11.
num_chunk_splits: 2516.
num_chunks_enlarged: 1930.
num_inconsistent_stats: 0.

CodeHeap 'non-profiled nmethods': size=120000Kb used=4624Kb max_used=4624Kb free=115375Kb
 bounds [0x00000265b1d50000, 0x00000265b21e0000, 0x00000265b9280000]
CodeHeap 'profiled nmethods': size=120000Kb used=11779Kb max_used=11779Kb free=108220Kb
 bounds [0x00000265aa280000, 0x00000265aae10000, 0x00000265b17b0000]
CodeHeap 'non-nmethods': size=5760Kb used=1341Kb max_used=1415Kb free=4419Kb
 bounds [0x00000265b17b0000, 0x00000265b1a20000, 0x00000265b1d50000]
 total_blobs=7177 nmethods=6502 adapters=587
 compilation: enabled
              stopped_count=0, restarted_count=0
 full_count=0

Compilation events (20 events):
Event: 17.505 Thread 0x00000265c4027710 7413       2       org.antlr.v4.runtime.RuleContext::<init> (10 bytes)
Event: 17.506 Thread 0x00000265c4027710 nmethod 7413 0x00000265aae00a10 code [0x00000265aae00ba0, 0x00000265aae00cb8]
Event: 17.507 Thread 0x00000265c4023230 nmethod 7377 0x00000265b21b7310 code [0x00000265b21b74c0, 0x00000265b21b7a38]
Event: 17.507 Thread 0x00000265c4023230 7411       4       org.antlr.v4.runtime.atn.ParserATNSimulator::closure_ (343 bytes)
Event: 17.835 Thread 0x00000265c493bde0 nmethod 7403 0x00000265b21b8190 code [0x00000265b21b87c0, 0x00000265b21bfb18]
Event: 17.836 Thread 0x00000265c493bde0 7414       4       org.antlr.v4.runtime.misc.Array2DHashSet::getOrAddImpl (146 bytes)
Event: 17.869 Thread 0x00000265c493bde0 nmethod 7414 0x00000265b21c3890 code [0x00000265b21c3ae0, 0x00000265b21c4f88]
Event: 17.869 Thread 0x00000265c493bde0 7386       4       java.util.IdentityHashMap::put (137 bytes)
Event: 17.878 Thread 0x00000265c493bde0 nmethod 7386 0x00000265b21c5a90 code [0x00000265b21c5c20, 0x00000265b21c61a8]
Event: 17.878 Thread 0x00000265c493bde0 7026       4       org.antlr.v4.runtime.atn.ATNConfigSet$ConfigEqualityComparator::equals (13 bytes)
Event: 17.880 Thread 0x00000265c493bde0 nmethod 7026 0x00000265b21c6490 code [0x00000265b21c6620, 0x00000265b21c67d8]
Event: 17.881 Thread 0x00000265c493bde0 7027       4       org.antlr.v4.runtime.atn.ATNConfigSet$ConfigEqualityComparator::equals (65 bytes)
Event: 17.883 Thread 0x00000265c493bde0 nmethod 7027 0x00000265b21c6a10 code [0x00000265b21c6ba0, 0x00000265b21c6d18]
Event: 17.883 Thread 0x00000265c493bde0 7023       4       org.antlr.v4.runtime.atn.PredictionContext::merge (139 bytes)
Event: 17.891 Thread 0x00000265c493bde0 nmethod 7023 0x00000265b21c6f10 code [0x00000265b21c70e0, 0x00000265b21c7798]
Event: 17.891 Thread 0x00000265c493bde0 7030       4       org.antlr.v4.runtime.atn.PredictionContext::mergeSingletons (392 bytes)
Event: 17.968 Thread 0x00000265c4023230 nmethod 7411 0x00000265b21c7a90 code [0x00000265b21c8080, 0x00000265b21cfd50]
Event: 17.968 Thread 0x00000265c4023230 7417       4       org.antlr.v4.runtime.misc.IntervalSet::contains (97 bytes)
Event: 17.973 Thread 0x00000265c4023230 nmethod 7417 0x00000265b21d3a90 code [0x00000265b21d3c20, 0x00000265b21d3e38]
Event: 17.973 Thread 0x00000265c4023230 7028       4       org.antlr.v4.runtime.atn.ATNConfigSet::add (142 bytes)

GC Heap History (20 events):
Event: 16.388 GC heap after
{Heap after GC invocations=24 (full 0):
 garbage-first heap   total 70656K, used 47104K [0x00000000a2200000, 0x0000000100000000)
  region size 1024K, 3 young (3072K), 3 survivors (3072K)
 Metaspace       used 77983K, committed 78592K, reserved 1179648K
  class space    used 10610K, committed 10944K, reserved 1048576K
}
Event: 16.467 GC heap before
{Heap before GC invocations=25 (full 0):
 garbage-first heap   total 86016K, used 55296K [0x00000000a2200000, 0x0000000100000000)
  region size 1024K, 11 young (11264K), 3 survivors (3072K)
 Metaspace       used 77983K, committed 78592K, reserved 1179648K
  class space    used 10610K, committed 10944K, reserved 1048576K
}
Event: 16.472 GC heap after
{Heap after GC invocations=26 (full 0):
 garbage-first heap   total 86016K, used 50176K [0x00000000a2200000, 0x0000000100000000)
  region size 1024K, 2 young (2048K), 2 survivors (2048K)
 Metaspace       used 77983K, committed 78592K, reserved 1179648K
  class space    used 10610K, committed 10944K, reserved 1048576K
}
Event: 16.594 GC heap before
{Heap before GC invocations=26 (full 0):
 garbage-first heap   total 86016K, used 64512K [0x00000000a2200000, 0x0000000100000000)
  region size 1024K, 16 young (16384K), 2 survivors (2048K)
 Metaspace       used 77983K, committed 78592K, reserved 1179648K
  class space    used 10610K, committed 10944K, reserved 1048576K
}
Event: 16.598 GC heap after
{Heap after GC invocations=27 (full 0):
 garbage-first heap   total 86016K, used 51771K [0x00000000a2200000, 0x0000000100000000)
  region size 1024K, 2 young (2048K), 2 survivors (2048K)
 Metaspace       used 77983K, committed 78592K, reserved 1179648K
  class space    used 10610K, committed 10944K, reserved 1048576K
}
Event: 16.765 GC heap before
{Heap before GC invocations=28 (full 0):
 garbage-first heap   total 87040K, used 59963K [0x00000000a2200000, 0x0000000100000000)
  region size 1024K, 15 young (15360K), 2 survivors (2048K)
 Metaspace       used 77986K, committed 78592K, reserved 1179648K
  class space    used 10610K, committed 10944K, reserved 1048576K
}
Event: 16.768 GC heap after
{Heap after GC invocations=29 (full 0):
 garbage-first heap   total 87040K, used 48391K [0x00000000a2200000, 0x0000000100000000)
  region size 1024K, 2 young (2048K), 2 survivors (2048K)
 Metaspace       used 77986K, committed 78592K, reserved 1179648K
  class space    used 10610K, committed 10944K, reserved 1048576K
}
Event: 16.784 GC heap before
{Heap before GC invocations=29 (full 0):
 garbage-first heap   total 87040K, used 50439K [0x00000000a2200000, 0x0000000100000000)
  region size 1024K, 4 young (4096K), 2 survivors (2048K)
 Metaspace       used 77986K, committed 78592K, reserved 1179648K
  class space    used 10610K, committed 10944K, reserved 1048576K
}
Event: 16.787 GC heap after
{Heap after GC invocations=30 (full 0):
 garbage-first heap   total 87040K, used 47978K [0x00000000a2200000, 0x0000000100000000)
  region size 1024K, 1 young (1024K), 1 survivors (1024K)
 Metaspace       used 77986K, committed 78592K, reserved 1179648K
  class space    used 10610K, committed 10944K, reserved 1048576K
}
Event: 16.989 GC heap before
{Heap before GC invocations=30 (full 0):
 garbage-first heap   total 87040K, used 65386K [0x00000000a2200000, 0x0000000100000000)
  region size 1024K, 18 young (18432K), 1 survivors (1024K)
 Metaspace       used 78113K, committed 78848K, reserved 1179648K
  class space    used 10646K, committed 11008K, reserved 1048576K
}
Event: 16.995 GC heap after
{Heap after GC invocations=31 (full 0):
 garbage-first heap   total 174080K, used 51008K [0x00000000a2200000, 0x0000000100000000)
  region size 1024K, 3 young (3072K), 3 survivors (3072K)
 Metaspace       used 78113K, committed 78848K, reserved 1179648K
  class space    used 10646K, committed 11008K, reserved 1048576K
}
Event: 17.443 GC heap before
{Heap before GC invocations=32 (full 0):
 garbage-first heap   total 174080K, used 109376K [0x00000000a2200000, 0x0000000100000000)
  region size 1024K, 61 young (62464K), 3 survivors (3072K)
 Metaspace       used 78222K, committed 78848K, reserved 1179648K
  class space    used 10684K, committed 11008K, reserved 1048576K
}
Event: 17.452 GC heap after
{Heap after GC invocations=33 (full 0):
 garbage-first heap   total 174080K, used 56924K [0x00000000a2200000, 0x0000000100000000)
  region size 1024K, 8 young (8192K), 8 survivors (8192K)
 Metaspace       used 78222K, committed 78848K, reserved 1179648K
  class space    used 10684K, committed 11008K, reserved 1048576K
}
Event: 17.456 GC heap before
{Heap before GC invocations=33 (full 0):
 garbage-first heap   total 174080K, used 57948K [0x00000000a2200000, 0x0000000100000000)
  region size 1024K, 9 young (9216K), 8 survivors (8192K)
 Metaspace       used 78222K, committed 78848K, reserved 1179648K
  class space    used 10684K, committed 11008K, reserved 1048576K
}
Event: 17.462 GC heap after
{Heap after GC invocations=34 (full 0):
 garbage-first heap   total 174080K, used 55260K [0x00000000a2200000, 0x0000000100000000)
  region size 1024K, 2 young (2048K), 2 survivors (2048K)
 Metaspace       used 78222K, committed 78848K, reserved 1179648K
  class space    used 10684K, committed 11008K, reserved 1048576K
}
Event: 17.712 GC heap before
{Heap before GC invocations=34 (full 0):
 garbage-first heap   total 174080K, used 122844K [0x00000000a2200000, 0x0000000100000000)
  region size 1024K, 67 young (68608K), 2 survivors (2048K)
 Metaspace       used 78222K, committed 78848K, reserved 1179648K
  class space    used 10684K, committed 11008K, reserved 1048576K
}
Event: 17.733 GC heap after
{Heap after GC invocations=35 (full 0):
 garbage-first heap   total 174080K, used 80678K [0x00000000a2200000, 0x0000000100000000)
  region size 1024K, 9 young (9216K), 9 survivors (9216K)
 Metaspace       used 78222K, committed 78848K, reserved 1179648K
  class space    used 10684K, committed 11008K, reserved 1048576K
}
Event: 17.898 GC heap before
{Heap before GC invocations=35 (full 0):
 garbage-first heap   total 174080K, used 125734K [0x00000000a2200000, 0x0000000100000000)
  region size 1024K, 51 young (52224K), 9 survivors (9216K)
 Metaspace       used 78224K, committed 78912K, reserved 1179648K
  class space    used 10684K, committed 11008K, reserved 1048576K
}
Event: 17.919 GC heap after
{Heap after GC invocations=36 (full 0):
 garbage-first heap   total 174080K, used 100352K [0x00000000a2200000, 0x0000000100000000)
  region size 1024K, 7 young (7168K), 7 survivors (7168K)
 Metaspace       used 78224K, committed 78912K, reserved 1179648K
  class space    used 10684K, committed 11008K, reserved 1048576K
}
Event: 18.034 GC heap before
{Heap before GC invocations=36 (full 0):
 garbage-first heap   total 174080K, used 130048K [0x00000000a2200000, 0x0000000100000000)
  region size 1024K, 36 young (36864K), 7 survivors (7168K)
 Metaspace       used 78226K, committed 78912K, reserved 1179648K
  class space    used 10684K, committed 11008K, reserved 1048576K
}

Dll operation events (10 events):
Event: 0.017 Loaded shared library C:\Users\Lenovo\.vscode\extensions\redhat.java-1.37.0-win32-x64\jre\17.0.13-win32-x86_64\bin\java.dll
Event: 0.313 Loaded shared library C:\Users\Lenovo\.vscode\extensions\redhat.java-1.37.0-win32-x64\jre\17.0.13-win32-x86_64\bin\jimage.dll
Event: 0.332 Loaded shared library C:\Users\Lenovo\.vscode\extensions\redhat.java-1.37.0-win32-x64\jre\17.0.13-win32-x86_64\bin\net.dll
Event: 0.335 Loaded shared library C:\Users\Lenovo\.vscode\extensions\redhat.java-1.37.0-win32-x64\jre\17.0.13-win32-x86_64\bin\nio.dll
Event: 0.341 Loaded shared library C:\Users\Lenovo\.vscode\extensions\redhat.java-1.37.0-win32-x64\jre\17.0.13-win32-x86_64\bin\zip.dll
Event: 0.463 Loaded shared library C:\Users\Lenovo\.vscode\extensions\redhat.java-1.37.0-win32-x64\jre\17.0.13-win32-x86_64\bin\management.dll
Event: 0.479 Loaded shared library C:\Users\Lenovo\.vscode\extensions\redhat.java-1.37.0-win32-x64\jre\17.0.13-win32-x86_64\bin\management_ext.dll
Event: 0.943 Loaded shared library C:\Users\Lenovo\.vscode\extensions\redhat.java-1.37.0-win32-x64\jre\17.0.13-win32-x86_64\bin\extnet.dll
Event: 2.911 Loaded shared library C:\Users\Lenovo\.vscode\extensions\redhat.java-1.37.0-win32-x64\jre\17.0.13-win32-x86_64\bin\sunmscapi.dll
Event: 9.240 Loaded shared library C:\Users\Lenovo\.vscode\extensions\redhat.java-1.37.0-win32-x64\jre\17.0.13-win32-x86_64\bin\verify.dll

Deoptimization events (20 events):
Event: 17.480 Thread 0x00000265a546e890 Uncommon trap: trap_request=0xffffffbe fr.pc=0x00000265b21a8568 relative=0x0000000000000ea8
Event: 17.480 Thread 0x00000265a546e890 Uncommon trap: reason=profile_predicate action=maybe_recompile pc=0x00000265b21a8568 method=org.antlr.v4.runtime.misc.Array2DHashSet.getOrAddImpl(Ljava/lang/Object;)Ljava/lang/Object; @ 56 c2
Event: 17.480 Thread 0x00000265a546e890 DEOPT PACKING pc=0x00000265b21a8568 sp=0x0000008d6f5fa400
Event: 17.480 Thread 0x00000265a546e890 DEOPT UNPACKING pc=0x00000265b18069a3 sp=0x0000008d6f5fa3f8 mode 2
Event: 17.482 Thread 0x00000265a546e890 Uncommon trap: trap_request=0xffffffd6 fr.pc=0x00000265b21b0c94 relative=0x0000000000006d54
Event: 17.482 Thread 0x00000265a546e890 Uncommon trap: reason=array_check action=maybe_recompile pc=0x00000265b21b0c94 method=org.antlr.v4.runtime.misc.Array2DHashSet.getOrAddImpl(Ljava/lang/Object;)Ljava/lang/Object; @ 133 c2
Event: 17.482 Thread 0x00000265a546e890 DEOPT PACKING pc=0x00000265b21b0c94 sp=0x0000008d6f5fab00
Event: 17.482 Thread 0x00000265a546e890 DEOPT UNPACKING pc=0x00000265b18069a3 sp=0x0000008d6f5fa9a0 mode 2
Event: 17.490 Thread 0x00000265a546e890 Uncommon trap: trap_request=0xffffffbe fr.pc=0x00000265b21a8568 relative=0x0000000000000ea8
Event: 17.490 Thread 0x00000265a546e890 Uncommon trap: reason=profile_predicate action=maybe_recompile pc=0x00000265b21a8568 method=org.antlr.v4.runtime.misc.Array2DHashSet.getOrAddImpl(Ljava/lang/Object;)Ljava/lang/Object; @ 56 c2
Event: 17.490 Thread 0x00000265a546e890 DEOPT PACKING pc=0x00000265b21a8568 sp=0x0000008d6f5fab80
Event: 17.490 Thread 0x00000265a546e890 DEOPT UNPACKING pc=0x00000265b18069a3 sp=0x0000008d6f5fab78 mode 2
Event: 17.490 Thread 0x00000265a546e890 Uncommon trap: trap_request=0xffffffbe fr.pc=0x00000265b21a8568 relative=0x0000000000000ea8
Event: 17.490 Thread 0x00000265a546e890 Uncommon trap: reason=profile_predicate action=maybe_recompile pc=0x00000265b21a8568 method=org.antlr.v4.runtime.misc.Array2DHashSet.getOrAddImpl(Ljava/lang/Object;)Ljava/lang/Object; @ 56 c2
Event: 17.490 Thread 0x00000265a546e890 DEOPT PACKING pc=0x00000265b21a8568 sp=0x0000008d6f5fab80
Event: 17.490 Thread 0x00000265a546e890 DEOPT UNPACKING pc=0x00000265b18069a3 sp=0x0000008d6f5fab78 mode 2
Event: 17.490 Thread 0x00000265a546e890 Uncommon trap: trap_request=0xffffffbe fr.pc=0x00000265b21a8568 relative=0x0000000000000ea8
Event: 17.490 Thread 0x00000265a546e890 Uncommon trap: reason=profile_predicate action=maybe_recompile pc=0x00000265b21a8568 method=org.antlr.v4.runtime.misc.Array2DHashSet.getOrAddImpl(Ljava/lang/Object;)Ljava/lang/Object; @ 56 c2
Event: 17.490 Thread 0x00000265a546e890 DEOPT PACKING pc=0x00000265b21a8568 sp=0x0000008d6f5fa5e0
Event: 17.490 Thread 0x00000265a546e890 DEOPT UNPACKING pc=0x00000265b18069a3 sp=0x0000008d6f5fa5d8 mode 2

Classes loaded (20 events):
Event: 14.833 Loading class java/util/regex/Pattern$Bound
Event: 14.833 Loading class java/util/regex/Pattern$Bound done
Event: 14.834 Loading class java/util/regex/Pattern$SliceI
Event: 14.834 Loading class java/util/regex/Pattern$SliceI done
Event: 14.835 Loading class java/util/regex/Pattern$LookBehindEndNode
Event: 14.835 Loading class java/util/regex/Pattern$LookBehindEndNode done
Event: 14.835 Loading class java/util/regex/Pattern$NotBehind
Event: 14.836 Loading class java/util/regex/Pattern$NotBehind done
Event: 14.836 Loading class java/util/regex/Pattern$Behind
Event: 14.836 Loading class java/util/regex/Pattern$Behind done
Event: 14.836 Loading class java/util/regex/Pattern$GroupCurly
Event: 14.836 Loading class java/util/regex/Pattern$GroupCurly done
Event: 14.996 Loading class java/util/EmptyStackException
Event: 14.996 Loading class java/util/EmptyStackException done
Event: 15.105 Loading class java/io/InvalidClassException
Event: 15.105 Loading class java/io/InvalidClassException done
Event: 15.121 Loading class java/util/ArrayList$ListItr
Event: 15.121 Loading class java/util/ArrayList$ListItr done
Event: 16.939 Loading class java/util/LinkedList$LLSpliterator
Event: 16.940 Loading class java/util/LinkedList$LLSpliterator done

Classes unloaded (0 events):
No events

Classes redefined (0 events):
No events

Internal exceptions (20 events):
Event: 17.011 Thread 0x00000265c4b161d0 Exception <a 'java/lang/ClassNotFoundException'{0x00000000acbfec88}: org/springframework/context/support/LiveBeansView> (0x00000000acbfec88) 
thrown [s\src\hotspot\share\classfile\systemDictionary.cpp, line 256]
Event: 17.011 Thread 0x00000265c4b161d0 Exception <a 'java/lang/ClassNotFoundException'{0x00000000acbff048}: org/springframework/context/support/LiveBeansView> (0x00000000acbff048) 
thrown [s\src\hotspot\share\classfile\systemDictionary.cpp, line 256]
Event: 17.011 Thread 0x00000265c4b161d0 Exception <a 'java/lang/ClassNotFoundException'{0x00000000acbff3f0}: org/springframework/context/support/LiveBeansView> (0x00000000acbff3f0) 
thrown [s\src\hotspot\share\classfile\systemDictionary.cpp, line 256]
Event: 17.011 Thread 0x00000265c4b161d0 Exception <a 'java/lang/ClassNotFoundException'{0x00000000acbff7b0}: org/springframework/context/support/LiveBeansView> (0x00000000acbff7b0) 
thrown [s\src\hotspot\share\classfile\systemDictionary.cpp, line 256]
Event: 17.011 Thread 0x00000265c4b161d0 Exception <a 'java/lang/ClassNotFoundException'{0x00000000acbffb68}: org/springframework/context/support/LiveBeansView> (0x00000000acbffb68) 
thrown [s\src\hotspot\share\classfile\systemDictionary.cpp, line 256]
Event: 17.011 Thread 0x00000265c4b161d0 Exception <a 'java/lang/ClassNotFoundException'{0x00000000aca001f0}: org/springframework/context/support/LiveBeansView> (0x00000000aca001f0) 
thrown [s\src\hotspot\share\classfile\systemDictionary.cpp, line 256]
Event: 17.012 Thread 0x00000265c4b161d0 Exception <a 'java/lang/ClassNotFoundException'{0x00000000aca005b8}: org/springframework/context/support/LiveBeansView> (0x00000000aca005b8) 
thrown [s\src\hotspot\share\classfile\systemDictionary.cpp, line 256]
Event: 17.012 Thread 0x00000265c4b161d0 Exception <a 'java/lang/ClassNotFoundException'{0x00000000aca00978}: org/springframework/context/support/LiveBeansView> (0x00000000aca00978) 
thrown [s\src\hotspot\share\classfile\systemDictionary.cpp, line 256]
Event: 17.012 Thread 0x00000265c4b161d0 Exception <a 'java/lang/ClassNotFoundException'{0x00000000aca00d38}: org/springframework/context/support/LiveBeansView> (0x00000000aca00d38) 
thrown [s\src\hotspot\share\classfile\systemDictionary.cpp, line 256]
Event: 17.012 Thread 0x00000265c4b161d0 Exception <a 'java/lang/ClassNotFoundException'{0x00000000aca010f8}: org/springframework/context/support/LiveBeansView> (0x00000000aca010f8) 
thrown [s\src\hotspot\share\classfile\systemDictionary.cpp, line 256]
Event: 17.012 Thread 0x00000265c4b161d0 Exception <a 'java/lang/ClassNotFoundException'{0x00000000aca01498}: org/springframework/context/support/LiveBeansView> (0x00000000aca01498) 
thrown [s\src\hotspot\share\classfile\systemDictionary.cpp, line 256]
Event: 17.012 Thread 0x00000265c4b161d0 Exception <a 'java/lang/ClassNotFoundException'{0x00000000aca01850}: org/springframework/context/support/LiveBeansView> (0x00000000aca01850) 
thrown [s\src\hotspot\share\classfile\systemDictionary.cpp, line 256]
Event: 17.012 Thread 0x00000265c4b161d0 Exception <a 'java/lang/ClassNotFoundException'{0x00000000aca01bf8}: org/springframework/context/support/LiveBeansView> (0x00000000aca01bf8) 
thrown [s\src\hotspot\share\classfile\systemDictionary.cpp, line 256]
Event: 17.017 Thread 0x00000265c4b161d0 Exception <a 'java/lang/ClassNotFoundException'{0x00000000acacd3b0}: org/springframework/context/support/LiveBeansView> (0x00000000acacd3b0) 
thrown [s\src\hotspot\share\classfile\systemDictionary.cpp, line 256]
Event: 17.018 Thread 0x00000265c4b161d0 Exception <a 'java/lang/ClassNotFoundException'{0x00000000acacd9b8}: org/springframework/context/support/LiveBeansView> (0x00000000acacd9b8) 
thrown [s\src\hotspot\share\classfile\systemDictionary.cpp, line 256]
Event: 17.018 Thread 0x00000265c4b161d0 Exception <a 'java/lang/ClassNotFoundException'{0x00000000acacdd68}: org/springframework/context/support/LiveBeansView> (0x00000000acacdd68) 
thrown [s\src\hotspot\share\classfile\systemDictionary.cpp, line 256]
Event: 17.018 Thread 0x00000265c4b161d0 Exception <a 'java/lang/ClassNotFoundException'{0x00000000acace118}: org/springframework/context/support/LiveBeansView> (0x00000000acace118) 
thrown [s\src\hotspot\share\classfile\systemDictionary.cpp, line 256]
Event: 17.023 Thread 0x00000265c4b161d0 Exception <a 'java/lang/reflect/InvocationTargetException'{0x00000000acad1878}> (0x00000000acad1878) 
thrown [s\src\hotspot\share\runtime\reflection.cpp, line 1128]
Event: 17.128 Thread 0x00000265a546e890 Exception <a 'java/lang/reflect/InvocationTargetException'{0x00000000ac4145a0}> (0x00000000ac4145a0) 
thrown [s\src\hotspot\share\runtime\reflection.cpp, line 1128]
Event: 17.223 Thread 0x00000265a546e890 Exception <a 'java/lang/reflect/InvocationTargetException'{0x00000000ab943f08}> (0x00000000ab943f08) 
thrown [s\src\hotspot\share\runtime\reflection.cpp, line 1128]

VM Operations (20 events):
Event: 16.768 Executing VM operation: G1CollectForAllocation done
Event: 16.784 Executing VM operation: G1CollectForAllocation
Event: 16.787 Executing VM operation: G1CollectForAllocation done
Event: 16.794 Executing VM operation: HandshakeAllThreads
Event: 16.794 Executing VM operation: HandshakeAllThreads done
Event: 16.989 Executing VM operation: G1CollectForAllocation
Event: 16.995 Executing VM operation: G1CollectForAllocation done
Event: 17.036 Executing VM operation: G1PauseRemark
Event: 17.042 Executing VM operation: G1PauseRemark done
Event: 17.060 Executing VM operation: G1PauseCleanup
Event: 17.061 Executing VM operation: G1PauseCleanup done
Event: 17.443 Executing VM operation: G1CollectForAllocation
Event: 17.452 Executing VM operation: G1CollectForAllocation done
Event: 17.456 Executing VM operation: G1CollectForAllocation
Event: 17.462 Executing VM operation: G1CollectForAllocation done
Event: 17.712 Executing VM operation: G1CollectForAllocation
Event: 17.733 Executing VM operation: G1CollectForAllocation done
Event: 17.898 Executing VM operation: G1CollectForAllocation
Event: 17.919 Executing VM operation: G1CollectForAllocation done
Event: 18.034 Executing VM operation: G1CollectForAllocation

Memory protections (0 events):
No events

Nmethod flushes (20 events):
Event: 11.299 Thread 0x00000265c402a030 flushing  nmethod 0x00000265aac5f210
Event: 11.299 Thread 0x00000265c402a030 flushing  nmethod 0x00000265aac60110
Event: 11.299 Thread 0x00000265c402a030 flushing  nmethod 0x00000265aac61010
Event: 11.299 Thread 0x00000265c402a030 flushing  nmethod 0x00000265aac62610
Event: 11.299 Thread 0x00000265c402a030 flushing  nmethod 0x00000265aac62a10
Event: 11.299 Thread 0x00000265c402a030 flushing  nmethod 0x00000265aac64910
Event: 11.299 Thread 0x00000265c402a030 flushing  nmethod 0x00000265aac66010
Event: 11.299 Thread 0x00000265c402a030 flushing  nmethod 0x00000265aac66910
Event: 11.299 Thread 0x00000265c402a030 flushing  nmethod 0x00000265aac67b90
Event: 11.299 Thread 0x00000265c402a030 flushing  nmethod 0x00000265aac68390
Event: 11.299 Thread 0x00000265c402a030 flushing  nmethod 0x00000265aac69090
Event: 11.299 Thread 0x00000265c402a030 flushing  nmethod 0x00000265aac6e490
Event: 11.299 Thread 0x00000265c402a030 flushing  nmethod 0x00000265aac6f010
Event: 11.299 Thread 0x00000265c402a030 flushing osr nmethod 0x00000265aac70690
Event: 11.299 Thread 0x00000265c402a030 flushing  nmethod 0x00000265aac93c10
Event: 11.299 Thread 0x00000265c402a030 flushing  nmethod 0x00000265aac94b10
Event: 11.299 Thread 0x00000265c402a030 flushing  nmethod 0x00000265aac9cc10
Event: 16.795 Thread 0x00000265c402a030 flushing  nmethod 0x00000265b1ee5210
Event: 16.807 Thread 0x00000265c402a030 flushing  nmethod 0x00000265aac6c210
Event: 16.807 Thread 0x00000265c402a030 flushing  nmethod 0x00000265aac6da10

Events (20 events):
Event: 1.616 Thread 0x00000265c48508c0 Thread added: 0x00000265c4b161d0
Event: 1.653 Thread 0x00000265c4b161d0 Thread added: 0x00000265c51ae5c0
Event: 2.195 Thread 0x00000265a546e890 Thread added: 0x00000265c51abd40
Event: 2.920 Thread 0x00000265c51abd40 Thread exited: 0x00000265c51abd40
Event: 3.021 Thread 0x00000265a546e890 Thread added: 0x00000265c51ac760
Event: 3.150 Thread 0x00000265c51ac760 Thread exited: 0x00000265c51ac760
Event: 4.007 Thread 0x00000265c4027710 Thread added: 0x00000265c6241710
Event: 8.010 Thread 0x00000265a546e890 Thread added: 0x00000265c51ad180
Event: 8.013 Thread 0x00000265c51ad180 Thread added: 0x00000265c51adba0
Event: 8.028 Thread 0x00000265a546e890 Thread added: 0x00000265c51ad690
Event: 10.385 Thread 0x00000265a546e890 Thread added: 0x00000265c51ac250
Event: 10.426 Thread 0x00000265a546e890 Thread added: 0x00000265c51ac760
Event: 10.533 Thread 0x00000265c51ac760 Thread added: 0x00000265c51aae10
Event: 11.593 Thread 0x00000265c4027710 Thread added: 0x00000265c6156b50
Event: 13.685 Thread 0x00000265c6156b50 Thread exited: 0x00000265c6156b50
Event: 13.698 Thread 0x00000265c6241710 Thread exited: 0x00000265c6241710
Event: 13.877 Thread 0x00000265c4027710 Thread added: 0x00000265c493bde0
Event: 13.884 Thread 0x00000265c4027710 Thread added: 0x00000265c6241710
Event: 15.114 Thread 0x00000265c6241710 Thread exited: 0x00000265c6241710
Event: 16.864 Thread 0x00000265c51aae10 Thread exited: 0x00000265c51aae10


Dynamic libraries:
0x00007ff7197f0000 - 0x00007ff7197fe000 	C:\Users\Lenovo\.vscode\extensions\redhat.java-1.37.0-win32-x64\jre\17.0.13-win32-x86_64\bin\java.exe
0x00007ffb9f2d0000 - 0x00007ffb9f4e7000 	C:\WINDOWS\SYSTEM32\ntdll.dll
0x00007ffb668d0000 - 0x00007ffb668ea000 	C:\Program Files\Avast Software\Avast\aswhook.dll
0x00007ffb9e630000 - 0x00007ffb9e6f4000 	C:\WINDOWS\System32\KERNEL32.DLL
0x00007ffb9c790000 - 0x00007ffb9cb4a000 	C:\WINDOWS\System32\KERNELBASE.dll
0x00007ffb9cd10000 - 0x00007ffb9ce21000 	C:\WINDOWS\System32\ucrtbase.dll
0x00007ffb61a10000 - 0x00007ffb61a27000 	C:\Users\Lenovo\.vscode\extensions\redhat.java-1.37.0-win32-x64\jre\17.0.13-win32-x86_64\bin\jli.dll
0x00007ffb41220000 - 0x00007ffb4123e000 	C:\Users\Lenovo\.vscode\extensions\redhat.java-1.37.0-win32-x64\jre\17.0.13-win32-x86_64\bin\VCRUNTIME140.dll
0x00007ffb9d250000 - 0x00007ffb9d3fe000 	C:\WINDOWS\System32\USER32.dll
0x00007ffb9b8c0000 - 0x00007ffb9bb52000 	C:\WINDOWS\WinSxS\amd64_microsoft.windows.common-controls_6595b64144ccf1df_6.0.22621.4541_none_2710d1c57384c085\COMCTL32.dll
0x00007ffb9cef0000 - 0x00007ffb9cf16000 	C:\WINDOWS\System32\win32u.dll
0x00007ffb9cfd0000 - 0x00007ffb9d077000 	C:\WINDOWS\System32\msvcrt.dll
0x00007ffb9eb30000 - 0x00007ffb9eb59000 	C:\WINDOWS\System32\GDI32.dll
0x00007ffb9cbf0000 - 0x00007ffb9cd0b000 	C:\WINDOWS\System32\gdi32full.dll
0x00007ffb9cb50000 - 0x00007ffb9cbea000 	C:\WINDOWS\System32\msvcp_win.dll
0x00007ffb9d540000 - 0x00007ffb9d571000 	C:\WINDOWS\System32\IMM32.DLL
0x00007ffb4eaa0000 - 0x00007ffb4eaac000 	C:\Users\Lenovo\.vscode\extensions\redhat.java-1.37.0-win32-x64\jre\17.0.13-win32-x86_64\bin\vcruntime140_1.dll
0x00007ffb40aa0000 - 0x00007ffb40b2d000 	C:\Users\Lenovo\.vscode\extensions\redhat.java-1.37.0-win32-x64\jre\17.0.13-win32-x86_64\bin\msvcp140.dll
0x00007ffb036f0000 - 0x00007ffb0435b000 	C:\Users\Lenovo\.vscode\extensions\redhat.java-1.37.0-win32-x64\jre\17.0.13-win32-x86_64\bin\server\jvm.dll
0x00007ffb9d6f0000 - 0x00007ffb9d7a2000 	C:\WINDOWS\System32\ADVAPI32.dll
0x00007ffb9e700000 - 0x00007ffb9e7a7000 	C:\WINDOWS\System32\sechost.dll
0x00007ffb9cfa0000 - 0x00007ffb9cfc8000 	C:\WINDOWS\System32\bcrypt.dll
0x00007ffb9ea10000 - 0x00007ffb9eb24000 	C:\WINDOWS\System32\RPCRT4.dll
0x00007ffb9d400000 - 0x00007ffb9d471000 	C:\WINDOWS\System32\WS2_32.dll
0x00007ffb9c470000 - 0x00007ffb9c4bd000 	C:\WINDOWS\SYSTEM32\POWRPROF.dll
0x00007ffb97250000 - 0x00007ffb97284000 	C:\WINDOWS\SYSTEM32\WINMM.dll
0x00007ffb92880000 - 0x00007ffb9288a000 	C:\WINDOWS\SYSTEM32\VERSION.dll
0x00007ffb9c450000 - 0x00007ffb9c463000 	C:\WINDOWS\SYSTEM32\UMPDC.dll
0x00007ffb9ace0000 - 0x00007ffb9acf8000 	C:\WINDOWS\SYSTEM32\kernel.appcore.dll
0x00007ffb41210000 - 0x00007ffb4121a000 	C:\Users\Lenovo\.vscode\extensions\redhat.java-1.37.0-win32-x64\jre\17.0.13-win32-x86_64\bin\jimage.dll
0x00007ffb9be20000 - 0x00007ffb9c052000 	C:\WINDOWS\SYSTEM32\DBGHELP.DLL
0x00007ffb9ee80000 - 0x00007ffb9f20f000 	C:\WINDOWS\System32\combase.dll
0x00007ffb9d7b0000 - 0x00007ffb9d887000 	C:\WINDOWS\System32\OLEAUT32.dll
0x00007ffb9bd00000 - 0x00007ffb9bd32000 	C:\WINDOWS\SYSTEM32\dbgcore.DLL
0x00007ffb9cf20000 - 0x00007ffb9cf9b000 	C:\WINDOWS\System32\bcryptPrimitives.dll
0x00007ffb411d0000 - 0x00007ffb411f5000 	C:\Users\Lenovo\.vscode\extensions\redhat.java-1.37.0-win32-x64\jre\17.0.13-win32-x86_64\bin\java.dll
0x00007ffb411b0000 - 0x00007ffb411c8000 	C:\Users\Lenovo\.vscode\extensions\redhat.java-1.37.0-win32-x64\jre\17.0.13-win32-x86_64\bin\zip.dll
0x00007ffb9d8c0000 - 0x00007ffb9e138000 	C:\WINDOWS\System32\SHELL32.dll
0x00007ffb99a50000 - 0x00007ffb9a358000 	C:\WINDOWS\SYSTEM32\windows.storage.dll
0x00007ffb998f0000 - 0x00007ffb99a2f000 	C:\WINDOWS\SYSTEM32\wintypes.dll
0x00007ffb9ed80000 - 0x00007ffb9ee7a000 	C:\WINDOWS\System32\SHCORE.dll
0x00007ffb9d0f0000 - 0x00007ffb9d14e000 	C:\WINDOWS\System32\shlwapi.dll
0x00007ffb9c4d0000 - 0x00007ffb9c4fb000 	C:\WINDOWS\SYSTEM32\profapi.dll
0x00007ffb405a0000 - 0x00007ffb405b9000 	C:\Users\Lenovo\.vscode\extensions\redhat.java-1.37.0-win32-x64\jre\17.0.13-win32-x86_64\bin\net.dll
0x00007ffb97610000 - 0x00007ffb97746000 	C:\WINDOWS\SYSTEM32\WINHTTP.dll
0x00007ffb9b170000 - 0x00007ffb9b1d9000 	C:\WINDOWS\system32\mswsock.dll
0x00007ffb40580000 - 0x00007ffb40596000 	C:\Users\Lenovo\.vscode\extensions\redhat.java-1.37.0-win32-x64\jre\17.0.13-win32-x86_64\bin\nio.dll
0x00007ffb17c40000 - 0x00007ffb17c4a000 	C:\Users\Lenovo\.vscode\extensions\redhat.java-1.37.0-win32-x64\jre\17.0.13-win32-x86_64\bin\management.dll
0x00007ffb17390000 - 0x00007ffb1739b000 	C:\Users\Lenovo\.vscode\extensions\redhat.java-1.37.0-win32-x64\jre\17.0.13-win32-x86_64\bin\management_ext.dll
0x00007ffb9d480000 - 0x00007ffb9d488000 	C:\WINDOWS\System32\PSAPI.DLL
0x00007ffb6fb10000 - 0x00007ffb6fb27000 	C:\WINDOWS\system32\napinsp.dll
0x00007ffb6faf0000 - 0x00007ffb6fb0b000 	C:\WINDOWS\system32\pnrpnsp.dll
0x00007ffb9a7d0000 - 0x00007ffb9a8d2000 	C:\WINDOWS\SYSTEM32\DNSAPI.dll
0x00007ffb9a760000 - 0x00007ffb9a78d000 	C:\WINDOWS\SYSTEM32\IPHLPAPI.DLL
0x00007ffb9e840000 - 0x00007ffb9e849000 	C:\WINDOWS\System32\NSI.dll
0x00007ffb6e150000 - 0x00007ffb6e161000 	C:\WINDOWS\System32\winrnr.dll
0x00007ffb6e130000 - 0x00007ffb6e145000 	C:\WINDOWS\system32\wshbth.dll
0x00007ffb6e100000 - 0x00007ffb6e127000 	C:\WINDOWS\system32\nlansp_c.dll
0x00007ffb930b0000 - 0x00007ffb930ba000 	C:\Windows\System32\rasadhlp.dll
0x00007ffb95010000 - 0x00007ffb95093000 	C:\WINDOWS\System32\fwpuclnt.dll
0x00007ffb9c150000 - 0x00007ffb9c16b000 	C:\WINDOWS\SYSTEM32\CRYPTSP.dll
0x00007ffb9afb0000 - 0x00007ffb9afe5000 	C:\WINDOWS\system32\rsaenh.dll
0x00007ffb9b2a0000 - 0x00007ffb9b2c8000 	C:\WINDOWS\SYSTEM32\USERENV.dll
0x00007ffb9b5e0000 - 0x00007ffb9b5ec000 	C:\WINDOWS\SYSTEM32\CRYPTBASE.dll
0x00007ffb975f0000 - 0x00007ffb97609000 	C:\WINDOWS\SYSTEM32\dhcpcsvc6.DLL
0x00007ffb975d0000 - 0x00007ffb975ef000 	C:\WINDOWS\SYSTEM32\dhcpcsvc.DLL
0x00007ffb16c50000 - 0x00007ffb16c59000 	C:\Users\Lenovo\.vscode\extensions\redhat.java-1.37.0-win32-x64\jre\17.0.13-win32-x86_64\bin\extnet.dll
0x00007ffb18aa0000 - 0x00007ffb18aae000 	C:\Users\Lenovo\.vscode\extensions\redhat.java-1.37.0-win32-x64\jre\17.0.13-win32-x86_64\bin\sunmscapi.dll
0x00007ffb9c5a0000 - 0x00007ffb9c706000 	C:\WINDOWS\System32\CRYPT32.dll
0x00007ffb9b760000 - 0x00007ffb9b78d000 	C:\WINDOWS\SYSTEM32\ncrypt.dll
0x00007ffb9b670000 - 0x00007ffb9b6a7000 	C:\WINDOWS\SYSTEM32\NTASN1.dll
0x00007ffb411a0000 - 0x00007ffb411b0000 	C:\Users\Lenovo\.vscode\extensions\redhat.java-1.37.0-win32-x64\jre\17.0.13-win32-x86_64\bin\verify.dll

dbghelp: loaded successfully - version: 4.0.5 - missing functions: none
symbol engine: initialized successfully - sym options: 0x614 - pdb path: .;C:\Users\Lenovo\.vscode\extensions\redhat.java-1.37.0-win32-x64\jre\17.0.13-win32-x86_64\bin;C:\WINDOWS\SYSTEM32;C:\Program Files\Avast Software\Avast;C:\WINDOWS\WinSxS\amd64_microsoft.windows.common-controls_6595b64144ccf1df_6.0.22621.4541_none_2710d1c57384c085;C:\Users\Lenovo\.vscode\extensions\redhat.java-1.37.0-win32-x64\jre\17.0.13-win32-x86_64\bin\server

VM Arguments:
jvm_args: -Dcom.sun.management.jmxremote -Dcom.sun.management.jmxremote.port=55641 -Dcom.sun.management.jmxremote.authenticate=false -Dcom.sun.management.jmxremote.ssl=false -Dspring.jmx.enabled=true -Djava.rmi.server.hostname=localhost -Dspring.application.admin.enabled=true -Dspring.boot.project.name=FinanceTracker -XX:+ShowCodeDetailsInExceptionMessages -Dmanagement.endpoints.jmx.exposure.include=* 
java_command: auca.ac.rw.FinanceTracker.FinanceTrackerPlatformApplication
java_class_path (initial): C:\Users\Lenovo\OneDrive\Pictures\Pinterest\Backup\Backup\FinanceTracker\target\classes;C:\Users\Lenovo\.m2\repository\org\springframework\boot\spring-boot-starter-actuator\3.4.0\spring-boot-starter-actuator-3.4.0.jar;C:\Users\Lenovo\.m2\repository\org\springframework\boot\spring-boot-starter\3.4.0\spring-boot-starter-3.4.0.jar;C:\Users\Lenovo\.m2\repository\org\springframework\boot\spring-boot\3.4.0\spring-boot-3.4.0.jar;C:\Users\Lenovo\.m2\repository\org\springframework\boot\spring-boot-autoconfigure\3.4.0\spring-boot-autoconfigure-3.4.0.jar;C:\Users\Lenovo\.m2\repository\org\springframework\boot\spring-boot-starter-logging\3.4.0\spring-boot-starter-logging-3.4.0.jar;C:\Users\Lenovo\.m2\repository\ch\qos\logback\logback-classic\1.5.12\logback-classic-1.5.12.jar;C:\Users\Lenovo\.m2\repository\ch\qos\logback\logback-core\1.5.12\logback-core-1.5.12.jar;C:\Users\Lenovo\.m2\repository\org\apache\logging\log4j\log4j-to-slf4j\2.24.1\log4j-to-slf4j-2.24.1.jar;C:\Users\Lenovo\.m2\repository\org\apache\logging\log4j\log4j-api\2.24.1\log4j-api-2.24.1.jar;C:\Users\Lenovo\.m2\repository\org\slf4j\jul-to-slf4j\2.0.16\jul-to-slf4j-2.0.16.jar;C:\Users\Lenovo\.m2\repository\jakarta\annotation\jakarta.annotation-api\2.1.1\jakarta.annotation-api-2.1.1.jar;C:\Users\Lenovo\.m2\repository\org\yaml\snakeyaml\2.3\snakeyaml-2.3.jar;C:\Users\Lenovo\.m2\repository\org\springframework\boot\spring-boot-actuator-autoconfigure\3.4.0\spring-boot-actuator-autoconfigure-3.4.0.jar;C:\Users\Lenovo\.m2\repository\org\springframework\boot\spring-boot-actuator\3.4.0\spring-boot-actuator-3.4.0.jar;C:\Users\Lenovo\.m2\repository\com\fasterxml\jackson\core\jackson-databind\2.18.1\jackson-databind-2.18.1.jar;C:\Users\Lenovo\.m2\repository\com\fasterxml\jackson\core\jackson-annotations\2.18.1\jackson-annotations-2.18.1.jar;C:\Users\Lenovo\.m2\repository\com\fasterxml\jackson\core\jackson-core\2.18.1\jackson-core-2.18.1.jar;C:\Users\Lenovo\.m2\repository\com\fasterxml\jackson\dat
Launcher Type: SUN_STANDARD

[Global flags]
     intx CICompilerCount                          = 4                                         {product} {ergonomic}
     uint ConcGCThreads                            = 3                                         {product} {ergonomic}
     uint G1ConcRefinementThreads                  = 10                                        {product} {ergonomic}
   size_t G1HeapRegionSize                         = 1048576                                   {product} {ergonomic}
    uintx GCDrainStackTargetSize                   = 64                                        {product} {ergonomic}
   size_t InitialHeapSize                          = 98566144                                  {product} {ergonomic}
     bool ManagementServer                         = true                                      {product} {command line}
   size_t MarkStackSize                            = 4194304                                   {product} {ergonomic}
   size_t MaxHeapSize                              = 1574961152                                {product} {ergonomic}
   size_t MaxNewSize                               = 944766976                                 {product} {ergonomic}
   size_t MinHeapDeltaBytes                        = 1048576                                   {product} {ergonomic}
   size_t MinHeapSize                              = 8388608                                   {product} {ergonomic}
    uintx NonNMethodCodeHeapSize                   = 5839372                                {pd product} {ergonomic}
    uintx NonProfiledCodeHeapSize                  = 122909434                              {pd product} {ergonomic}
    uintx ProfiledCodeHeapSize                     = 122909434                              {pd product} {ergonomic}
    uintx ReservedCodeCacheSize                    = 251658240                              {pd product} {ergonomic}
     bool SegmentedCodeCache                       = true                                      {product} {ergonomic}
     bool ShowCodeDetailsInExceptionMessages       = true                                   {manageable} {command line}
   size_t SoftMaxHeapSize                          = 1574961152                             {manageable} {ergonomic}
     bool UseCompressedClassPointers               = true                           {product lp64_product} {ergonomic}
     bool UseCompressedOops                        = true                           {product lp64_product} {ergonomic}
     bool UseG1GC                                  = true                                      {product} {ergonomic}
     bool UseLargePagesIndividualAllocation        = false                                  {pd product} {ergonomic}

Logging:
Log output configuration:
 #0: stdout all=warning uptime,level,tags
 #1: stderr all=off uptime,level,tags

Environment Variables:
JAVA_HOME=C:\Users\Lenovo\.vscode\extensions\redhat.java-1.37.0-win32-x64\jre\17.0.13-win32-x86_64
PATH=C:\Users\Lenovo\anaconda3\envs\fresh_django_env;C:\Users\Lenovo\anaconda3\envs\fresh_django_env\Library\mingw-w64\bin;C:\Users\Lenovo\anaconda3\envs\fresh_django_env\Library\usr\bin;C:\Users\Lenovo\anaconda3\envs\fresh_django_env\Library\bin;C:\Users\Lenovo\anaconda3\envs\fresh_django_env\Scripts;C:\Users\Lenovo\anaconda3\envs\fresh_django_env\bin;C:\Users\Lenovo\anaconda3\condabin;C:\Users\Lenovo\anaconda3;C:\Users\Lenovo\anaconda3\Library\mingw-w64\bin;C:\Users\Lenovo\anaconda3\Library\usr\bin;C:\Users\Lenovo\anaconda3\Library\bin;C:\Users\Lenovo\anaconda3\Scripts;C:\Program Files\FireDaemon OpenSSL 3\bin;C:\Program Files\Common Files\Oracle\Java\javapath;C:\Program Files (x86)\Common Files\Oracle\Java\javapath;C:\db_home\bin;C:\WINDOWS\system32;C:\WINDOWS;C:\WINDOWS\System32\Wbem;C:\WINDOWS\System32\WindowsPowerShell\v1.0;C:\WINDOWS\System32\OpenSSH;C:\Program Files\Java\jre-1.8;C:\Program Files\Git\cmd;C:\Program Files\Docker\Docker\resources\bin;C:\ProgramData\chocolatey\bin;C:\Program Files\Maven\apache-maven-3.9.9\bin;C:\Users\Lenovo\.vscode\extensions\redhat.java-1.37.0-win32-x64\jre\17.0.13-win32-x86_64\bin;C:\Program Files\nodejs;C:\Program Files\PostgreSQL\16\bin;C:\Users\Lenovo\AppData\Local\Microsoft\WindowsApps;.;C:\Users\Lenovo\AppData\Local\Programs\Microsoft VS Code\bin;C:\Program Files\JetBrains\IntelliJ IDEA Community Edition 2021.3.1\bin;.;C:\Users\Lenovo\AppData\Roaming\npm
USERNAME=Lenovo
LANG=en_US.UTF-8
OS=Windows_NT
PROCESSOR_IDENTIFIER=AMD64 Family 23 Model 104 Stepping 1, AuthenticAMD
TMP=C:\Users\Lenovo\AppData\Local\Temp
TEMP=C:\Users\Lenovo\AppData\Local\Temp



Periodic native trim disabled


---------------  S Y S T E M  ---------------

OS:
 Windows 11 , 64 bit Build 22621 (10.0.22621.4391)
OS uptime: 1 days 7:20 hours
Hyper-V role detected

CPU: total 12 (initial active 12) (12 cores per cpu, 2 threads per core) family 23 model 104 stepping 1 microcode 0x0, cx8, cmov, fxsr, ht, mmx, 3dnowpref, sse, sse2, sse3, ssse3, sse4a, sse4.1, sse4.2, popcnt, lzcnt, tsc, tscinvbit, avx, avx2, aes, clmul, bmi1, bmi2, adx, sha, fma, vzeroupper, clflush, clflushopt, hv
Processor Information for processor 0
  Max Mhz: 2100, Current Mhz: 1988, Mhz Limit: 2100
Processor Information for processor 1
  Max Mhz: 2100, Current Mhz: 2100, Mhz Limit: 2100
Processor Information for processor 2
  Max Mhz: 2100, Current Mhz: 2100, Mhz Limit: 2100
Processor Information for processor 3
  Max Mhz: 2100, Current Mhz: 2100, Mhz Limit: 2100
Processor Information for processor 4
  Max Mhz: 2100, Current Mhz: 2100, Mhz Limit: 2100
Processor Information for processor 5
  Max Mhz: 2100, Current Mhz: 2100, Mhz Limit: 2100
Processor Information for processor 6
  Max Mhz: 2100, Current Mhz: 2100, Mhz Limit: 2100
Processor Information for processor 7
  Max Mhz: 2100, Current Mhz: 2100, Mhz Limit: 2100
Processor Information for processor 8
  Max Mhz: 2100, Current Mhz: 2100, Mhz Limit: 2100
Processor Information for processor 9
  Max Mhz: 2100, Current Mhz: 2100, Mhz Limit: 2100
Processor Information for processor 10
  Max Mhz: 2100, Current Mhz: 2100, Mhz Limit: 2100
Processor Information for processor 11
  Max Mhz: 2100, Current Mhz: 2100, Mhz Limit: 2100

Memory: 4k page, system-wide physical 6005M (440M free)
TotalPageFile size 24437M (AvailPageFile size 119M)
current process WorkingSet (physical memory assigned to process): 382M, peak: 390M
current process commit charge ("private bytes"): 420M, peak: 655M

vm_info: OpenJDK 64-Bit Server VM (17.0.13+11) for windows-amd64 JRE (17.0.13+11), built on Oct 16 2024 00:10:08 by "admin" with MS VC++ 17.7 (VS2022)

END.
